
> vce-study-tracker-backend@1.0.0 dev
> tsx watch src/index.ts

VCE Study Tracker API running on http://localhost:3001
2:08:51 pm [tsx] change in ./src\services\aiService.ts Restarting...
cVCE Study Tracker API running on http://localhost:3001
2:09:18 pm [tsx] change in ./src\services\aiService.ts Restarting...
cVCE Study Tracker API running on http://localhost:3001
2:09:46 pm [tsx] change in ./src\routes\coach.ts Restarting...
cVCE Study Tracker API running on http://localhost:3001
2:10:05 pm [tsx] change in ./src\routes\coach.ts Restarting...
cVCE Study Tracker API running on http://localhost:3001
2:11:04 pm [tsx] change in ./src\services\aiService.ts Restarting...
cVCE Study Tracker API running on http://localhost:3001
2:26:26 pm [tsx] change in ./src\resources\studyDesignContext.ts Restarting...
cVCE Study Tracker API running on http://localhost:3001
7:50:22 pm [tsx] change in ./src\routes\questions.ts Restarting...
cVCE Study Tracker API running on http://localhost:3001
7:50:30 pm [tsx] change in ./src\routes\coach.ts Restarting...
cVCE Study Tracker API running on http://localhost:3001
7:51:04 pm [tsx] change in ./src\middleware\aiUsageLimit.ts Restarting...
cVCE Study Tracker API running on http://localhost:3001
7:48:19 am [tsx] change in ./src\services\gamificationService.ts Restarting...
cVCE Study Tracker API running on http://localhost:3001
7:48:35 am [tsx] change in ./src\routes\gamification.ts Restarting...
cVCE Study Tracker API running on http://localhost:3001
9:09:31 am [tsx] change in ./src\services\gamificationService.ts Restarting...
cVCE Study Tracker API running on http://localhost:3001
1:52:38 pm [tsx] change in ./src\resources\studyDesignContext.ts Restarting...
cVCE Study Tracker API running on http://localhost:3001
1:52:49 pm [tsx] change in ./src\resources\studyDesignContext.ts Restarting...
cVCE Study Tracker API running on http://localhost:3001
1:54:24 pm [tsx] change in ./src\services\aiService.ts Restarting...
cVCE Study Tracker API running on http://localhost:3001
2:40:15 pm [tsx] change in ./src\resources\studyDesignContext.ts Restarting...
cVCE Study Tracker API running on http://localhost:3001
2:47:50 pm [tsx] change in ./src\middleware\aiUsageLimit.ts Restarting...
cVCE Study Tracker API running on http://localhost:3001
4:00:47 pm [tsx] change in ./src\middleware\aiUsageLimit.ts Restarting...
cVCE Study Tracker API running on http://localhost:3001
4:01:54 pm [tsx] change in ./src\middleware\aiUsageLimit.ts Restarting...
cVCE Study Tracker API running on http://localhost:3001
4:02:58 pm [tsx] change in ./src\middleware\aiUsageLimit.ts Restarting...
cVCE Study Tracker API running on http://localhost:3001
4:13:14 pm [tsx] change in ./src\resources\studyDesignContext.ts Restarting...
cVCE Study Tracker API running on http://localhost:3001
4:13:58 pm [tsx] change in ./src\services\aiService.ts Restarting...
cVCE Study Tracker API running on http://localhost:3001
4:14:11 pm [tsx] change in ./src\services\aiService.ts Restarting...
cVCE Study Tracker API running on http://localhost:3001
4:14:25 pm [tsx] change in ./src\services\aiService.ts Restarting...
cVCE Study Tracker API running on http://localhost:3001
4:14:55 pm [tsx] change in ./src\services\aiService.ts Restarting...
cVCE Study Tracker API running on http://localhost:3001
4:15:18 pm [tsx] change in ./src\services\aiService.ts Restarting...
cVCE Study Tracker API running on http://localhost:3001
4:15:33 pm [tsx] change in ./src\services\aiService.ts Restarting...
cVCE Study Tracker API running on http://localhost:3001
4:21:20 pm [tsx] change in ./src\resources\studyDesignContext.ts Restarting...
cVCE Study Tracker API running on http://localhost:3001
4:21:37 pm [tsx] change in ./src\resources\studyDesignContext.ts Restarting...
cVCE Study Tracker API running on http://localhost:3001
4:22:43 pm [tsx] change in ./src\routes\gamification.ts Restarting...
cVCE Study Tracker API running on http://localhost:3001
4:22:53 pm [tsx] change in ./src\routes\gamification.ts Restarting...
cVCE Study Tracker API running on http://localhost:3001
4:41:41 pm [tsx] change in ./src\resources\studyDesignContext.ts Restarting...
cVCE Study Tracker API running on http://localhost:3001
4:42:05 pm [tsx] change in ./src\resources\studyDesignContext.ts Restarting...
cVCE Study Tracker API running on http://localhost:3001
4:42:20 pm [tsx] change in ./src\resources\studyDesignContext.ts Restarting...
cVCE Study Tracker API running on http://localhost:3001
4:42:41 pm [tsx] change in ./src\resources\studyDesignContext.ts Restarting...
cVCE Study Tracker API running on http://localhost:3001
4:56:15 pm [tsx] change in ./src\index.ts Restarting...
cVCE Study Tracker API running on http://localhost:3001
4:58:52 pm [tsx] change in ./src\routes\community.ts Restarting...
cVCE Study Tracker API running on http://localhost:3001
5:13:33 pm [tsx] change in ./src\routes\community.ts Restarting...
cVCE Study Tracker API running on http://localhost:3001
7:26:22 pm [tsx] change in ./src\routes\community.ts Restarting...
c7:26:33 pm [tsx] change in ./src\routes\community.ts Restarting...
cVCE Study Tracker API running on http://localhost:3001
7:38:32 pm [tsx] change in ./src\routes\community.ts Restarting...
c7:48:09 pm [tsx] change in ./src\services\gamificationService.ts Rerunning...
cVCE Study Tracker API running on http://localhost:3001
8:31:11 pm [tsx] change in ./src\routes\subjects.ts Restarting...
cVCE Study Tracker API running on http://localhost:3001
8:31:18 pm [tsx] change in ./src\routes\auth.ts Restarting...
c8:44:37 pm [tsx] change in ./src\services\resourceService.ts Rerunning...
c8:44:42 pm [tsx] change in ./src\routes\coach.ts Rerunning...
cVCE Study Tracker API running on http://localhost:3001
9:01:44 pm [tsx] change in ./src\index.ts Restarting...
c9:01:53 pm [tsx] change in ./src\routes\auth.ts Rerunning...
cVCE Study Tracker API running on http://localhost:3001
9:02:05 pm [tsx] change in ./src\routes\subjects.ts Restarting...
c9:02:26 pm [tsx] change in ./src\middleware\aiUsageLimit.ts Rerunning...
cVCE Study Tracker API running on http://localhost:3001
9:02:36 pm [tsx] change in ./src\services\billingService.ts Restarting...
c9:02:36 pm [tsx] change in ./src\services\billingService.ts Restarting...
cVCE Study Tracker API running on http://localhost:3001
9:02:43 pm [tsx] change in ./src\middleware\aiUsageLimit.ts Restarting...
c9:03:00 pm [tsx] change in ./src\routes\community.ts Rerunning...
cVCE Study Tracker API running on http://localhost:3001
9:03:33 pm [tsx] change in ./src\routes\coach.ts Restarting...
c9:10:03 pm [tsx] change in ./src\middleware\aiUsageLimit.ts Rerunning...
cVCE Study Tracker API running on http://localhost:3001
9:57:10 pm [tsx] change in ./src\index.ts Restarting...
c9:58:16 pm [tsx] change in ./src\index.ts Rerunning...
cVCE Study Tracker API running on http://localhost:3001
10:04:39 pm [tsx] unlink in ./src\services\billingService.ts Restarting...
c10:05:17 pm [tsx] unlink in ./src\routes\billing.ts Rerunning...
c10:06:48 pm [tsx] change in ./src\index.ts Rerunning...
c10:07:09 pm [tsx] change in ./src\index.ts Rerunning...
c10:07:22 pm [tsx] change in ./src\index.ts Rerunning...
c10:07:38 pm [tsx] change in ./src\routes\auth.ts Rerunning...
c10:07:50 pm [tsx] change in ./src\routes\auth.ts Rerunning...
c10:07:52 pm [tsx] change in ./src\routes\auth.ts Rerunning...
c10:07:59 pm [tsx] change in ./src\routes\auth.ts Rerunning...
c10:08:04 pm [tsx] change in ./src\routes\auth.ts Rerunning...
c10:08:30 pm [tsx] change in ./src\routes\auth.ts Rerunning...
c10:08:32 pm [tsx] change in ./src\routes\auth.ts Rerunning...
c10:08:57 pm [tsx] change in ./src\routes\auth.ts Rerunning...
c10:09:19 pm [tsx] change in ./src\routes\auth.ts Rerunning...
c10:10:03 pm [tsx] change in ./src\routes\subjects.ts Rerunning...
c10:10:09 pm [tsx] change in ./src\routes\subjects.ts Rerunning...
c10:10:44 pm [tsx] change in ./src\routes\subjects.ts Rerunning...
c10:11:23 pm [tsx] change in ./src\routes\subjects.ts Rerunning...
c10:11:41 pm [tsx] change in ./src\routes\subjects.ts Rerunning...
c10:17:43 pm [tsx] change in ./src\routes\subjects.ts Rerunning...
c10:17:46 pm [tsx] change in ./src\routes\subjects.ts Rerunning...
c10:18:07 pm [tsx] change in ./src\routes\community.ts Rerunning...
c10:18:13 pm [tsx] change in ./src\middleware\aiUsageLimit.ts Rerunning...
c10:18:19 pm [tsx] change in ./src\middleware\aiUsageLimit.ts Rerunning...
c10:18:28 pm [tsx] change in ./src\middleware\aiUsageLimit.ts Rerunning...
c10:19:23 pm [tsx] change in ./src\routes\community.ts Rerunning...
c10:19:59 pm [tsx] change in ./src\routes\coach.ts Rerunning...
c10:20:11 pm [tsx] change in ./src\routes\coach.ts Rerunning...
cVCE Study Tracker API running on http://localhost:3001
10:20:22 pm [tsx] change in ./src\routes\coach.ts Restarting...
cVCE Study Tracker API running on http://localhost:3001
10:20:50 pm [tsx] change in ./src\routes\coach.ts Restarting...
cVCE Study Tracker API running on http://localhost:3001
7:19:41 am [tsx] change in ./src\routes\auth.ts Restarting...
c7:19:46 am [tsx] change in ./src\routes\subjects.ts Rerunning...
cVCE Study Tracker API running on http://localhost:3001
7:20:02 am [tsx] change in ./src\routes\coach.ts Restarting...
c8:36:45 am [tsx] change in ./src\services\gamificationService.ts Rerunning...
c10:57:09 pm [tsx] change in ./src\services\gamificationService.ts Rerunning...
c10:57:44 pm [tsx] change in ./src\routes\community.ts Rerunning...
cVCE Study Tracker API running on http://localhost:3001
11:04:24 pm [tsx] change in ./src\services\gamificationService.ts Restarting...
c11:04:42 pm [tsx] change in ./src\routes\gamification.ts Rerunning...
cVCE Study Tracker API running on http://localhost:3001
11:04:53 pm [tsx] change in ./src\routes\gamification.ts Restarting...
c11:05:18 pm [tsx] change in ./src\routes\community.ts Rerunning...
cVCE Study Tracker API running on http://localhost:3001
4:28:14 pm [tsx] change in ./src\routes\community.ts Restarting...
c